<?xml version="1.0" encoding="UTF-8"?>
<testsuite xmlns:xsi="http://www.w3.org/2001/XMLSchema-instance" xsi:noNamespaceSchemaLocation="https://maven.apache.org/surefire/maven-surefire-plugin/xsd/surefire-test-report.xsd" name="io.vertx.shiva.TestMainVerticle" time="1.345" tests="1" errors="0" skipped="0" failures="0">
  <properties>
    <property name="sun.desktop" value="windows"/>
    <property name="awt.toolkit" value="sun.awt.windows.WToolkit"/>
    <property name="file.encoding.pkg" value="sun.io"/>
    <property name="java.specification.version" value="1.8"/>
    <property name="sun.cpu.isalist" value="amd64"/>
    <property name="sun.jnu.encoding" value="Cp1252"/>
    <property name="java.class.path" value="C:\project\shiva\target\test-classes;C:\project\shiva\target\classes;C:\Users\jarvis\.m2\repository\io\vertx\vertx-core\3.5.3\vertx-core-3.5.3.jar;C:\Users\jarvis\.m2\repository\io\netty\netty-common\4.1.19.Final\netty-common-4.1.19.Final.jar;C:\Users\jarvis\.m2\repository\io\netty\netty-buffer\4.1.19.Final\netty-buffer-4.1.19.Final.jar;C:\Users\jarvis\.m2\repository\io\netty\netty-transport\4.1.19.Final\netty-transport-4.1.19.Final.jar;C:\Users\jarvis\.m2\repository\io\netty\netty-handler\4.1.19.Final\netty-handler-4.1.19.Final.jar;C:\Users\jarvis\.m2\repository\io\netty\netty-codec\4.1.19.Final\netty-codec-4.1.19.Final.jar;C:\Users\jarvis\.m2\repository\io\netty\netty-handler-proxy\4.1.19.Final\netty-handler-proxy-4.1.19.Final.jar;C:\Users\jarvis\.m2\repository\io\netty\netty-codec-socks\4.1.19.Final\netty-codec-socks-4.1.19.Final.jar;C:\Users\jarvis\.m2\repository\io\netty\netty-codec-http\4.1.19.Final\netty-codec-http-4.1.19.Final.jar;C:\Users\jarvis\.m2\repository\io\netty\netty-codec-http2\4.1.19.Final\netty-codec-http2-4.1.19.Final.jar;C:\Users\jarvis\.m2\repository\io\netty\netty-resolver\4.1.19.Final\netty-resolver-4.1.19.Final.jar;C:\Users\jarvis\.m2\repository\io\netty\netty-resolver-dns\4.1.19.Final\netty-resolver-dns-4.1.19.Final.jar;C:\Users\jarvis\.m2\repository\io\netty\netty-codec-dns\4.1.19.Final\netty-codec-dns-4.1.19.Final.jar;C:\Users\jarvis\.m2\repository\com\fasterxml\jackson\core\jackson-core\2.9.5\jackson-core-2.9.5.jar;C:\Users\jarvis\.m2\repository\com\fasterxml\jackson\core\jackson-databind\2.9.5\jackson-databind-2.9.5.jar;C:\Users\jarvis\.m2\repository\com\fasterxml\jackson\core\jackson-annotations\2.9.5\jackson-annotations-2.9.5.jar;C:\Users\jarvis\.m2\repository\io\vertx\vertx-web\3.5.3\vertx-web-3.5.3.jar;C:\Users\jarvis\.m2\repository\io\vertx\vertx-auth-common\3.5.3\vertx-auth-common-3.5.3.jar;C:\Users\jarvis\.m2\repository\io\vertx\vertx-bridge-common\3.5.3\vertx-bridge-common-3.5.3.jar;C:\Users\jarvis\.m2\repository\io\vertx\vertx-web-client\3.5.3\vertx-web-client-3.5.3.jar;C:\Users\jarvis\.m2\repository\io\vertx\vertx-web-common\3.5.3\vertx-web-common-3.5.3.jar;C:\Users\jarvis\.m2\repository\io\vertx\vertx-mongo-client\3.5.3\vertx-mongo-client-3.5.3.jar;C:\Users\jarvis\.m2\repository\org\mongodb\mongodb-driver-async\3.6.1\mongodb-driver-async-3.6.1.jar;C:\Users\jarvis\.m2\repository\org\mongodb\bson\3.6.1\bson-3.6.1.jar;C:\Users\jarvis\.m2\repository\org\mongodb\mongodb-driver-core\3.6.1\mongodb-driver-core-3.6.1.jar;C:\Users\jarvis\.m2\repository\io\vertx\vertx-junit5\3.5.3\vertx-junit5-3.5.3.jar;C:\Users\jarvis\.m2\repository\org\junit\jupiter\junit-jupiter-api\5.2.0\junit-jupiter-api-5.2.0.jar;C:\Users\jarvis\.m2\repository\org\opentest4j\opentest4j\1.1.0\opentest4j-1.1.0.jar;C:\Users\jarvis\.m2\repository\org\junit\platform\junit-platform-commons\1.2.0\junit-platform-commons-1.2.0.jar;C:\Users\jarvis\.m2\repository\org\junit\jupiter\junit-jupiter-params\5.2.0\junit-jupiter-params-5.2.0.jar;C:\Users\jarvis\.m2\repository\com\google\code\gson\gson\2.8.5\gson-2.8.5.jar;C:\Users\jarvis\.m2\repository\org\junit\platform\junit-platform-launcher\1.2.0\junit-platform-launcher-1.2.0.jar;C:\Users\jarvis\.m2\repository\org\apiguardian\apiguardian-api\1.0.0\apiguardian-api-1.0.0.jar;C:\Users\jarvis\.m2\repository\org\junit\platform\junit-platform-engine\1.2.0\junit-platform-engine-1.2.0.jar;"/>
    <property name="java.vm.vendor" value="Oracle Corporation"/>
    <property name="sun.arch.data.model" value="64"/>
    <property name="user.variant" value=""/>
    <property name="java.vendor.url" value="http://java.oracle.com/"/>
    <property name="user.timezone" value=""/>
    <property name="java.vm.specification.version" value="1.8"/>
    <property name="os.name" value="Windows 10"/>
    <property name="user.country" value="MY"/>
    <property name="sun.java.launcher" value="SUN_STANDARD"/>
    <property name="sun.boot.library.path" value="C:\java-1.8.0-openjdk-1.8.0.181-1.b13.redhat.windows.x86_64\jre\bin"/>
    <property name="sun.java.command" value="C:\Users\jarvis\AppData\Local\Temp\surefire1106384280161458360\surefirebooter5690039020467367642.jar C:\Users\jarvis\AppData\Local\Temp\surefire1106384280161458360 2018-09-03T17-20-53_544-jvmRun1 surefire6735820930015383576tmp surefire_03122406463171017228tmp"/>
    <property name="surefire.test.class.path" value="C:\project\shiva\target\test-classes;C:\project\shiva\target\classes;C:\Users\jarvis\.m2\repository\io\vertx\vertx-core\3.5.3\vertx-core-3.5.3.jar;C:\Users\jarvis\.m2\repository\io\netty\netty-common\4.1.19.Final\netty-common-4.1.19.Final.jar;C:\Users\jarvis\.m2\repository\io\netty\netty-buffer\4.1.19.Final\netty-buffer-4.1.19.Final.jar;C:\Users\jarvis\.m2\repository\io\netty\netty-transport\4.1.19.Final\netty-transport-4.1.19.Final.jar;C:\Users\jarvis\.m2\repository\io\netty\netty-handler\4.1.19.Final\netty-handler-4.1.19.Final.jar;C:\Users\jarvis\.m2\repository\io\netty\netty-codec\4.1.19.Final\netty-codec-4.1.19.Final.jar;C:\Users\jarvis\.m2\repository\io\netty\netty-handler-proxy\4.1.19.Final\netty-handler-proxy-4.1.19.Final.jar;C:\Users\jarvis\.m2\repository\io\netty\netty-codec-socks\4.1.19.Final\netty-codec-socks-4.1.19.Final.jar;C:\Users\jarvis\.m2\repository\io\netty\netty-codec-http\4.1.19.Final\netty-codec-http-4.1.19.Final.jar;C:\Users\jarvis\.m2\repository\io\netty\netty-codec-http2\4.1.19.Final\netty-codec-http2-4.1.19.Final.jar;C:\Users\jarvis\.m2\repository\io\netty\netty-resolver\4.1.19.Final\netty-resolver-4.1.19.Final.jar;C:\Users\jarvis\.m2\repository\io\netty\netty-resolver-dns\4.1.19.Final\netty-resolver-dns-4.1.19.Final.jar;C:\Users\jarvis\.m2\repository\io\netty\netty-codec-dns\4.1.19.Final\netty-codec-dns-4.1.19.Final.jar;C:\Users\jarvis\.m2\repository\com\fasterxml\jackson\core\jackson-core\2.9.5\jackson-core-2.9.5.jar;C:\Users\jarvis\.m2\repository\com\fasterxml\jackson\core\jackson-databind\2.9.5\jackson-databind-2.9.5.jar;C:\Users\jarvis\.m2\repository\com\fasterxml\jackson\core\jackson-annotations\2.9.5\jackson-annotations-2.9.5.jar;C:\Users\jarvis\.m2\repository\io\vertx\vertx-web\3.5.3\vertx-web-3.5.3.jar;C:\Users\jarvis\.m2\repository\io\vertx\vertx-auth-common\3.5.3\vertx-auth-common-3.5.3.jar;C:\Users\jarvis\.m2\repository\io\vertx\vertx-bridge-common\3.5.3\vertx-bridge-common-3.5.3.jar;C:\Users\jarvis\.m2\repository\io\vertx\vertx-web-client\3.5.3\vertx-web-client-3.5.3.jar;C:\Users\jarvis\.m2\repository\io\vertx\vertx-web-common\3.5.3\vertx-web-common-3.5.3.jar;C:\Users\jarvis\.m2\repository\io\vertx\vertx-mongo-client\3.5.3\vertx-mongo-client-3.5.3.jar;C:\Users\jarvis\.m2\repository\org\mongodb\mongodb-driver-async\3.6.1\mongodb-driver-async-3.6.1.jar;C:\Users\jarvis\.m2\repository\org\mongodb\bson\3.6.1\bson-3.6.1.jar;C:\Users\jarvis\.m2\repository\org\mongodb\mongodb-driver-core\3.6.1\mongodb-driver-core-3.6.1.jar;C:\Users\jarvis\.m2\repository\io\vertx\vertx-junit5\3.5.3\vertx-junit5-3.5.3.jar;C:\Users\jarvis\.m2\repository\org\junit\jupiter\junit-jupiter-api\5.2.0\junit-jupiter-api-5.2.0.jar;C:\Users\jarvis\.m2\repository\org\opentest4j\opentest4j\1.1.0\opentest4j-1.1.0.jar;C:\Users\jarvis\.m2\repository\org\junit\platform\junit-platform-commons\1.2.0\junit-platform-commons-1.2.0.jar;C:\Users\jarvis\.m2\repository\org\junit\jupiter\junit-jupiter-params\5.2.0\junit-jupiter-params-5.2.0.jar;C:\Users\jarvis\.m2\repository\com\google\code\gson\gson\2.8.5\gson-2.8.5.jar;C:\Users\jarvis\.m2\repository\org\junit\platform\junit-platform-launcher\1.2.0\junit-platform-launcher-1.2.0.jar;C:\Users\jarvis\.m2\repository\org\apiguardian\apiguardian-api\1.0.0\apiguardian-api-1.0.0.jar;C:\Users\jarvis\.m2\repository\org\junit\platform\junit-platform-engine\1.2.0\junit-platform-engine-1.2.0.jar;"/>
    <property name="sun.cpu.endian" value="little"/>
    <property name="user.home" value="C:\Users\jarvis"/>
    <property name="user.language" value="en"/>
    <property name="java.specification.vendor" value="Oracle Corporation"/>
    <property name="java.home" value="C:\java-1.8.0-openjdk-1.8.0.181-1.b13.redhat.windows.x86_64\jre"/>
    <property name="basedir" value="C:\project\shiva"/>
    <property name="file.separator" value="\"/>
    <property name="line.separator" value="&#10;"/>
    <property name="java.vm.specification.vendor" value="Oracle Corporation"/>
    <property name="java.specification.name" value="Java Platform API Specification"/>
    <property name="java.awt.graphicsenv" value="sun.awt.Win32GraphicsEnvironment"/>
    <property name="surefire.real.class.path" value="C:\Users\jarvis\AppData\Local\Temp\surefire1106384280161458360\surefirebooter5690039020467367642.jar"/>
    <property name="sun.boot.class.path" value="C:\java-1.8.0-openjdk-1.8.0.181-1.b13.redhat.windows.x86_64\jre\lib\resources.jar;C:\java-1.8.0-openjdk-1.8.0.181-1.b13.redhat.windows.x86_64\jre\lib\rt.jar;C:\java-1.8.0-openjdk-1.8.0.181-1.b13.redhat.windows.x86_64\jre\lib\sunrsasign.jar;C:\java-1.8.0-openjdk-1.8.0.181-1.b13.redhat.windows.x86_64\jre\lib\jsse.jar;C:\java-1.8.0-openjdk-1.8.0.181-1.b13.redhat.windows.x86_64\jre\lib\jce.jar;C:\java-1.8.0-openjdk-1.8.0.181-1.b13.redhat.windows.x86_64\jre\lib\charsets.jar;C:\java-1.8.0-openjdk-1.8.0.181-1.b13.redhat.windows.x86_64\jre\lib\jfr.jar;C:\java-1.8.0-openjdk-1.8.0.181-1.b13.redhat.windows.x86_64\jre\classes"/>
    <property name="user.script" value=""/>
    <property name="sun.management.compiler" value="HotSpot 64-Bit Tiered Compilers"/>
    <property name="java.runtime.version" value="1.8.0_181-1-redhat-b13"/>
    <property name="user.name" value="jarvis"/>
    <property name="path.separator" value=";"/>
    <property name="os.version" value="10.0"/>
    <property name="java.endorsed.dirs" value="C:\java-1.8.0-openjdk-1.8.0.181-1.b13.redhat.windows.x86_64\jre\lib\endorsed"/>
    <property name="java.runtime.name" value="OpenJDK Runtime Environment"/>
    <property name="file.encoding" value="Cp1252"/>
    <property name="java.vm.name" value="OpenJDK 64-Bit Server VM"/>
    <property name="localRepository" value="C:\Users\jarvis\.m2\repository"/>
    <property name="java.vendor.url.bug" value="http://bugreport.sun.com/bugreport/"/>
    <property name="java.io.tmpdir" value="C:\Users\jarvis\AppData\Local\Temp\"/>
    <property name="java.version" value="1.8.0_181-1-redhat"/>
    <property name="user.dir" value="C:\project\shiva"/>
    <property name="os.arch" value="amd64"/>
    <property name="java.vm.specification.name" value="Java Virtual Machine Specification"/>
    <property name="java.awt.printerjob" value="sun.awt.windows.WPrinterJob"/>
    <property name="sun.os.patch.level" value=""/>
    <property name="java.library.path" value="C:\java-1.8.0-openjdk-1.8.0.181-1.b13.redhat.windows.x86_64\jre\bin;C:\windows\Sun\Java\bin;C:\windows\system32;C:\windows;C:\Program Files (x86)\Common Files\Oracle\Java\javapath;C:\Program Files (x86)\Intel\Intel(R) Management Engine Components\iCLS\;C:\Program Files\Intel\Intel(R) Management Engine Components\iCLS\;C:\windows\system32;C:\windows;C:\windows\System32\Wbem;C:\windows\System32\WindowsPowerShell\v1.0\;C:\windows\System32\OpenSSH\;C:\Program Files (x86)\Intel\Intel(R) Management Engine Components\DAL;C:\Program Files\Intel\Intel(R) Management Engine Components\DAL;C:\Program Files (x86)\Intel\Intel(R) Management Engine Components\IPT;C:\Program Files\Intel\Intel(R) Management Engine Components\IPT;C:\Program Files\Intel\WiFi\bin\;C:\Program Files\Common Files\Intel\WirelessCommon\;C:\Program Files\Microsoft VS Code\bin;C:\Program Files (x86)\Bitvise SSH Client;C:\gto\nssm\;C:\Program Files\PuTTY\;C:\Program Files\Git\cmd;C:\nodejs\;C:\apache-maven-3.5.4\bin;C:\Users\jarvis\AppData\Local\Microsoft\WindowsApps;C:\Users\jarvis\AppData\Local\Programs\Microsoft VS Code\bin;C:\Users\jarvis\AppData\Roaming\npm;."/>
    <property name="java.vm.info" value="mixed mode"/>
    <property name="java.vendor" value="Oracle Corporation"/>
    <property name="java.vm.version" value="25.181-b13"/>
    <property name="java.ext.dirs" value="C:\java-1.8.0-openjdk-1.8.0.181-1.b13.redhat.windows.x86_64\jre\lib\ext;C:\windows\Sun\Java\lib\ext"/>
    <property name="sun.io.unicode.encoding" value="UnicodeLittle"/>
    <property name="java.class.version" value="52.0"/>
  </properties>
  <testcase name="start_http_server{Vertx, VertxTestContext}" classname="io.vertx.shiva.TestMainVerticle" time="1.34"/>
</testsuite>