<?xml version="1.0" encoding="UTF-8"?>
<testsuite xmlns:xsi="http://www.w3.org/2001/XMLSchema-instance" xsi:noNamespaceSchemaLocation="https://maven.apache.org/surefire/maven-surefire-plugin/xsd/surefire-test-report.xsd" name="io.vertx.shiva.TestMainVerticle" time="1.777" tests="1" errors="0" skipped="0" failures="0">
  <properties>
    <property name="sun.desktop" value="windows"/>
    <property name="awt.toolkit" value="sun.awt.windows.WToolkit"/>
    <property name="file.encoding.pkg" value="sun.io"/>
    <property name="java.specification.version" value="1.8"/>
    <property name="sun.cpu.isalist" value="amd64"/>
    <property name="sun.jnu.encoding" value="Cp1252"/>
    <property name="java.class.path" value="c:\Project\shiva\target\test-classes;c:\Project\shiva\target\classes;C:\Users\Administrator\.m2\repository\io\vertx\vertx-core\3.5.3\vertx-core-3.5.3.jar;C:\Users\Administrator\.m2\repository\io\netty\netty-common\4.1.19.Final\netty-common-4.1.19.Final.jar;C:\Users\Administrator\.m2\repository\io\netty\netty-buffer\4.1.19.Final\netty-buffer-4.1.19.Final.jar;C:\Users\Administrator\.m2\repository\io\netty\netty-transport\4.1.19.Final\netty-transport-4.1.19.Final.jar;C:\Users\Administrator\.m2\repository\io\netty\netty-handler\4.1.19.Final\netty-handler-4.1.19.Final.jar;C:\Users\Administrator\.m2\repository\io\netty\netty-codec\4.1.19.Final\netty-codec-4.1.19.Final.jar;C:\Users\Administrator\.m2\repository\io\netty\netty-handler-proxy\4.1.19.Final\netty-handler-proxy-4.1.19.Final.jar;C:\Users\Administrator\.m2\repository\io\netty\netty-codec-socks\4.1.19.Final\netty-codec-socks-4.1.19.Final.jar;C:\Users\Administrator\.m2\repository\io\netty\netty-codec-http\4.1.19.Final\netty-codec-http-4.1.19.Final.jar;C:\Users\Administrator\.m2\repository\io\netty\netty-codec-http2\4.1.19.Final\netty-codec-http2-4.1.19.Final.jar;C:\Users\Administrator\.m2\repository\io\netty\netty-resolver\4.1.19.Final\netty-resolver-4.1.19.Final.jar;C:\Users\Administrator\.m2\repository\io\netty\netty-resolver-dns\4.1.19.Final\netty-resolver-dns-4.1.19.Final.jar;C:\Users\Administrator\.m2\repository\io\netty\netty-codec-dns\4.1.19.Final\netty-codec-dns-4.1.19.Final.jar;C:\Users\Administrator\.m2\repository\com\fasterxml\jackson\core\jackson-core\2.9.5\jackson-core-2.9.5.jar;C:\Users\Administrator\.m2\repository\com\fasterxml\jackson\core\jackson-databind\2.9.5\jackson-databind-2.9.5.jar;C:\Users\Administrator\.m2\repository\com\fasterxml\jackson\core\jackson-annotations\2.9.5\jackson-annotations-2.9.5.jar;C:\Users\Administrator\.m2\repository\io\vertx\vertx-web\3.5.3\vertx-web-3.5.3.jar;C:\Users\Administrator\.m2\repository\io\vertx\vertx-auth-common\3.5.3\vertx-auth-common-3.5.3.jar;C:\Users\Administrator\.m2\repository\io\vertx\vertx-bridge-common\3.5.3\vertx-bridge-common-3.5.3.jar;C:\Users\Administrator\.m2\repository\io\vertx\vertx-web-client\3.5.3\vertx-web-client-3.5.3.jar;C:\Users\Administrator\.m2\repository\io\vertx\vertx-web-common\3.5.3\vertx-web-common-3.5.3.jar;C:\Users\Administrator\.m2\repository\io\vertx\vertx-mongo-client\3.5.3\vertx-mongo-client-3.5.3.jar;C:\Users\Administrator\.m2\repository\org\mongodb\mongodb-driver-async\3.6.1\mongodb-driver-async-3.6.1.jar;C:\Users\Administrator\.m2\repository\org\mongodb\bson\3.6.1\bson-3.6.1.jar;C:\Users\Administrator\.m2\repository\org\mongodb\mongodb-driver-core\3.6.1\mongodb-driver-core-3.6.1.jar;C:\Users\Administrator\.m2\repository\io\vertx\vertx-junit5\3.5.3\vertx-junit5-3.5.3.jar;C:\Users\Administrator\.m2\repository\org\junit\jupiter\junit-jupiter-api\5.2.0\junit-jupiter-api-5.2.0.jar;C:\Users\Administrator\.m2\repository\org\opentest4j\opentest4j\1.1.0\opentest4j-1.1.0.jar;C:\Users\Administrator\.m2\repository\org\junit\platform\junit-platform-commons\1.2.0\junit-platform-commons-1.2.0.jar;C:\Users\Administrator\.m2\repository\org\junit\jupiter\junit-jupiter-params\5.2.0\junit-jupiter-params-5.2.0.jar;C:\Users\Administrator\.m2\repository\com\google\code\gson\gson\2.8.5\gson-2.8.5.jar;C:\Users\Administrator\.m2\repository\org\junit\platform\junit-platform-launcher\1.2.0\junit-platform-launcher-1.2.0.jar;C:\Users\Administrator\.m2\repository\org\apiguardian\apiguardian-api\1.0.0\apiguardian-api-1.0.0.jar;C:\Users\Administrator\.m2\repository\org\junit\platform\junit-platform-engine\1.2.0\junit-platform-engine-1.2.0.jar;C:\Users\Administrator\.m2\repository\org\apache\cxf\cxf-bundle-jaxrs\2.7.18\cxf-bundle-jaxrs-2.7.18.jar;C:\Users\Administrator\.m2\repository\org\codehaus\woodstox\woodstox-core-asl\4.4.1\woodstox-core-asl-4.4.1.jar;C:\Users\Administrator\.m2\repository\org\codehaus\woodstox\stax2-api\3.1.4\stax2-api-3.1.4.jar;C:\Users\Administrator\.m2\repository\org\apache\ws\xmlschema\xmlschema-core\2.1.0\xmlschema-core-2.1.0.jar;C:\Users\Administrator\.m2\repository\org\apache\geronimo\specs\geronimo-javamail_1.4_spec\1.7.1\geronimo-javamail_1.4_spec-1.7.1.jar;C:\Users\Administrator\.m2\repository\wsdl4j\wsdl4j\1.6.3\wsdl4j-1.6.3.jar;C:\Users\Administrator\.m2\repository\com\sun\xml\bind\jaxb-impl\2.2.6\jaxb-impl-2.2.6.jar;C:\Users\Administrator\.m2\repository\org\eclipse\jetty\jetty-server\8.1.15.v20140411\jetty-server-8.1.15.v20140411.jar;C:\Users\Administrator\.m2\repository\org\eclipse\jetty\jetty-continuation\8.1.15.v20140411\jetty-continuation-8.1.15.v20140411.jar;C:\Users\Administrator\.m2\repository\org\eclipse\jetty\jetty-http\8.1.15.v20140411\jetty-http-8.1.15.v20140411.jar;C:\Users\Administrator\.m2\repository\org\eclipse\jetty\jetty-io\8.1.15.v20140411\jetty-io-8.1.15.v20140411.jar;C:\Users\Administrator\.m2\repository\org\eclipse\jetty\jetty-util\8.1.15.v20140411\jetty-util-8.1.15.v20140411.jar;C:\Users\Administrator\.m2\repository\org\eclipse\jetty\jetty-security\8.1.15.v20140411\jetty-security-8.1.15.v20140411.jar;C:\Users\Administrator\.m2\repository\org\slf4j\slf4j-api\1.7.9\slf4j-api-1.7.9.jar;C:\Users\Administrator\.m2\repository\org\apache\geronimo\specs\geronimo-servlet_3.0_spec\1.0\geronimo-servlet_3.0_spec-1.0.jar;C:\Users\Administrator\.m2\repository\javax\ws\rs\javax.ws.rs-api\2.0-m10\javax.ws.rs-api-2.0-m10.jar;C:\Users\Administrator\.m2\repository\io\vertx\vertx-rx-java\3.5.3\vertx-rx-java-3.5.3.jar;C:\Users\Administrator\.m2\repository\io\reactivex\rxjava\1.3.5\rxjava-1.3.5.jar;"/>
    <property name="java.vm.vendor" value="Oracle Corporation"/>
    <property name="sun.arch.data.model" value="64"/>
    <property name="user.variant" value=""/>
    <property name="java.vendor.url" value="http://java.oracle.com/"/>
    <property name="user.timezone" value=""/>
    <property name="java.vm.specification.version" value="1.8"/>
    <property name="os.name" value="Windows 7"/>
    <property name="user.country" value="MY"/>
    <property name="sun.java.launcher" value="SUN_STANDARD"/>
    <property name="sun.boot.library.path" value="C:\Program Files\Java\jdk1.8.0_181\jre\bin"/>
    <property name="sun.java.command" value="C:\Users\ADMINI~1\AppData\Local\Temp\surefire5787778602593235280\surefirebooter2878471502231717816.jar C:\Users\Administrator\AppData\Local\Temp\surefire5787778602593235280 2018-09-20T19-03-35_551-jvmRun1 surefire8208057444406813038tmp surefire_07766966473336052243tmp"/>
    <property name="surefire.test.class.path" value="c:\Project\shiva\target\test-classes;c:\Project\shiva\target\classes;C:\Users\Administrator\.m2\repository\io\vertx\vertx-core\3.5.3\vertx-core-3.5.3.jar;C:\Users\Administrator\.m2\repository\io\netty\netty-common\4.1.19.Final\netty-common-4.1.19.Final.jar;C:\Users\Administrator\.m2\repository\io\netty\netty-buffer\4.1.19.Final\netty-buffer-4.1.19.Final.jar;C:\Users\Administrator\.m2\repository\io\netty\netty-transport\4.1.19.Final\netty-transport-4.1.19.Final.jar;C:\Users\Administrator\.m2\repository\io\netty\netty-handler\4.1.19.Final\netty-handler-4.1.19.Final.jar;C:\Users\Administrator\.m2\repository\io\netty\netty-codec\4.1.19.Final\netty-codec-4.1.19.Final.jar;C:\Users\Administrator\.m2\repository\io\netty\netty-handler-proxy\4.1.19.Final\netty-handler-proxy-4.1.19.Final.jar;C:\Users\Administrator\.m2\repository\io\netty\netty-codec-socks\4.1.19.Final\netty-codec-socks-4.1.19.Final.jar;C:\Users\Administrator\.m2\repository\io\netty\netty-codec-http\4.1.19.Final\netty-codec-http-4.1.19.Final.jar;C:\Users\Administrator\.m2\repository\io\netty\netty-codec-http2\4.1.19.Final\netty-codec-http2-4.1.19.Final.jar;C:\Users\Administrator\.m2\repository\io\netty\netty-resolver\4.1.19.Final\netty-resolver-4.1.19.Final.jar;C:\Users\Administrator\.m2\repository\io\netty\netty-resolver-dns\4.1.19.Final\netty-resolver-dns-4.1.19.Final.jar;C:\Users\Administrator\.m2\repository\io\netty\netty-codec-dns\4.1.19.Final\netty-codec-dns-4.1.19.Final.jar;C:\Users\Administrator\.m2\repository\com\fasterxml\jackson\core\jackson-core\2.9.5\jackson-core-2.9.5.jar;C:\Users\Administrator\.m2\repository\com\fasterxml\jackson\core\jackson-databind\2.9.5\jackson-databind-2.9.5.jar;C:\Users\Administrator\.m2\repository\com\fasterxml\jackson\core\jackson-annotations\2.9.5\jackson-annotations-2.9.5.jar;C:\Users\Administrator\.m2\repository\io\vertx\vertx-web\3.5.3\vertx-web-3.5.3.jar;C:\Users\Administrator\.m2\repository\io\vertx\vertx-auth-common\3.5.3\vertx-auth-common-3.5.3.jar;C:\Users\Administrator\.m2\repository\io\vertx\vertx-bridge-common\3.5.3\vertx-bridge-common-3.5.3.jar;C:\Users\Administrator\.m2\repository\io\vertx\vertx-web-client\3.5.3\vertx-web-client-3.5.3.jar;C:\Users\Administrator\.m2\repository\io\vertx\vertx-web-common\3.5.3\vertx-web-common-3.5.3.jar;C:\Users\Administrator\.m2\repository\io\vertx\vertx-mongo-client\3.5.3\vertx-mongo-client-3.5.3.jar;C:\Users\Administrator\.m2\repository\org\mongodb\mongodb-driver-async\3.6.1\mongodb-driver-async-3.6.1.jar;C:\Users\Administrator\.m2\repository\org\mongodb\bson\3.6.1\bson-3.6.1.jar;C:\Users\Administrator\.m2\repository\org\mongodb\mongodb-driver-core\3.6.1\mongodb-driver-core-3.6.1.jar;C:\Users\Administrator\.m2\repository\io\vertx\vertx-junit5\3.5.3\vertx-junit5-3.5.3.jar;C:\Users\Administrator\.m2\repository\org\junit\jupiter\junit-jupiter-api\5.2.0\junit-jupiter-api-5.2.0.jar;C:\Users\Administrator\.m2\repository\org\opentest4j\opentest4j\1.1.0\opentest4j-1.1.0.jar;C:\Users\Administrator\.m2\repository\org\junit\platform\junit-platform-commons\1.2.0\junit-platform-commons-1.2.0.jar;C:\Users\Administrator\.m2\repository\org\junit\jupiter\junit-jupiter-params\5.2.0\junit-jupiter-params-5.2.0.jar;C:\Users\Administrator\.m2\repository\com\google\code\gson\gson\2.8.5\gson-2.8.5.jar;C:\Users\Administrator\.m2\repository\org\junit\platform\junit-platform-launcher\1.2.0\junit-platform-launcher-1.2.0.jar;C:\Users\Administrator\.m2\repository\org\apiguardian\apiguardian-api\1.0.0\apiguardian-api-1.0.0.jar;C:\Users\Administrator\.m2\repository\org\junit\platform\junit-platform-engine\1.2.0\junit-platform-engine-1.2.0.jar;C:\Users\Administrator\.m2\repository\org\apache\cxf\cxf-bundle-jaxrs\2.7.18\cxf-bundle-jaxrs-2.7.18.jar;C:\Users\Administrator\.m2\repository\org\codehaus\woodstox\woodstox-core-asl\4.4.1\woodstox-core-asl-4.4.1.jar;C:\Users\Administrator\.m2\repository\org\codehaus\woodstox\stax2-api\3.1.4\stax2-api-3.1.4.jar;C:\Users\Administrator\.m2\repository\org\apache\ws\xmlschema\xmlschema-core\2.1.0\xmlschema-core-2.1.0.jar;C:\Users\Administrator\.m2\repository\org\apache\geronimo\specs\geronimo-javamail_1.4_spec\1.7.1\geronimo-javamail_1.4_spec-1.7.1.jar;C:\Users\Administrator\.m2\repository\wsdl4j\wsdl4j\1.6.3\wsdl4j-1.6.3.jar;C:\Users\Administrator\.m2\repository\com\sun\xml\bind\jaxb-impl\2.2.6\jaxb-impl-2.2.6.jar;C:\Users\Administrator\.m2\repository\org\eclipse\jetty\jetty-server\8.1.15.v20140411\jetty-server-8.1.15.v20140411.jar;C:\Users\Administrator\.m2\repository\org\eclipse\jetty\jetty-continuation\8.1.15.v20140411\jetty-continuation-8.1.15.v20140411.jar;C:\Users\Administrator\.m2\repository\org\eclipse\jetty\jetty-http\8.1.15.v20140411\jetty-http-8.1.15.v20140411.jar;C:\Users\Administrator\.m2\repository\org\eclipse\jetty\jetty-io\8.1.15.v20140411\jetty-io-8.1.15.v20140411.jar;C:\Users\Administrator\.m2\repository\org\eclipse\jetty\jetty-util\8.1.15.v20140411\jetty-util-8.1.15.v20140411.jar;C:\Users\Administrator\.m2\repository\org\eclipse\jetty\jetty-security\8.1.15.v20140411\jetty-security-8.1.15.v20140411.jar;C:\Users\Administrator\.m2\repository\org\slf4j\slf4j-api\1.7.9\slf4j-api-1.7.9.jar;C:\Users\Administrator\.m2\repository\org\apache\geronimo\specs\geronimo-servlet_3.0_spec\1.0\geronimo-servlet_3.0_spec-1.0.jar;C:\Users\Administrator\.m2\repository\javax\ws\rs\javax.ws.rs-api\2.0-m10\javax.ws.rs-api-2.0-m10.jar;C:\Users\Administrator\.m2\repository\io\vertx\vertx-rx-java\3.5.3\vertx-rx-java-3.5.3.jar;C:\Users\Administrator\.m2\repository\io\reactivex\rxjava\1.3.5\rxjava-1.3.5.jar;"/>
    <property name="sun.cpu.endian" value="little"/>
    <property name="user.home" value="C:\Users\Administrator"/>
    <property name="user.language" value="en"/>
    <property name="java.specification.vendor" value="Oracle Corporation"/>
    <property name="java.home" value="C:\Program Files\Java\jdk1.8.0_181\jre"/>
    <property name="basedir" value="c:\Project\shiva"/>
    <property name="file.separator" value="\"/>
    <property name="line.separator" value="&#10;"/>
    <property name="java.vm.specification.vendor" value="Oracle Corporation"/>
    <property name="java.specification.name" value="Java Platform API Specification"/>
    <property name="java.awt.graphicsenv" value="sun.awt.Win32GraphicsEnvironment"/>
    <property name="surefire.real.class.path" value="C:\Users\ADMINI~1\AppData\Local\Temp\surefire5787778602593235280\surefirebooter2878471502231717816.jar"/>
    <property name="sun.boot.class.path" value="C:\Program Files\Java\jdk1.8.0_181\jre\lib\resources.jar;C:\Program Files\Java\jdk1.8.0_181\jre\lib\rt.jar;C:\Program Files\Java\jdk1.8.0_181\jre\lib\sunrsasign.jar;C:\Program Files\Java\jdk1.8.0_181\jre\lib\jsse.jar;C:\Program Files\Java\jdk1.8.0_181\jre\lib\jce.jar;C:\Program Files\Java\jdk1.8.0_181\jre\lib\charsets.jar;C:\Program Files\Java\jdk1.8.0_181\jre\lib\jfr.jar;C:\Program Files\Java\jdk1.8.0_181\jre\classes"/>
    <property name="user.script" value=""/>
    <property name="sun.management.compiler" value="HotSpot 64-Bit Tiered Compilers"/>
    <property name="java.runtime.version" value="1.8.0_181-b13"/>
    <property name="user.name" value="Administrator"/>
    <property name="path.separator" value=";"/>
    <property name="os.version" value="6.1"/>
    <property name="java.endorsed.dirs" value="C:\Program Files\Java\jdk1.8.0_181\jre\lib\endorsed"/>
    <property name="java.runtime.name" value="Java(TM) SE Runtime Environment"/>
    <property name="file.encoding" value="Cp1252"/>
    <property name="java.vm.name" value="Java HotSpot(TM) 64-Bit Server VM"/>
    <property name="localRepository" value="C:\Users\Administrator\.m2\repository"/>
    <property name="java.vendor.url.bug" value="http://bugreport.sun.com/bugreport/"/>
    <property name="java.io.tmpdir" value="C:\Users\ADMINI~1\AppData\Local\Temp\"/>
    <property name="java.version" value="1.8.0_181"/>
    <property name="user.dir" value="c:\Project\shiva"/>
    <property name="os.arch" value="amd64"/>
    <property name="java.vm.specification.name" value="Java Virtual Machine Specification"/>
    <property name="java.awt.printerjob" value="sun.awt.windows.WPrinterJob"/>
    <property name="sun.os.patch.level" value="Service Pack 1"/>
    <property name="java.library.path" value="C:\Program Files\Java\jdk1.8.0_181\jre\bin;C:\Windows\Sun\Java\bin;C:\Windows\system32;C:\Windows;C:\Program Files (x86)\Common Files\Oracle\Java\javapath;C:\ProgramData\Anaconda3;C:\ProgramData\Anaconda3\Library\mingw-w64\bin;C:\ProgramData\Anaconda3\Library\usr\bin;C:\ProgramData\Anaconda3\Library\bin;C:\ProgramData\Anaconda3\Scripts;C:\Program Files (x86)\Intel\iCLS Client\;C:\Program Files\Intel\iCLS Client\;C:\Windows\system32;C:\Windows;C:\Windows\System32\Wbem;C:\Windows\System32\WindowsPowerShell\v1.0\;C:\Program Files (x86)\Intel\UCRT\;C:\Program Files\Intel\UCRT\;C:\Program Files (x86)\Intel\Intel(R) Management Engine Components\DAL;C:\Program Files\Intel\Intel(R) Management Engine Components\DAL;C:\Program Files (x86)\Intel\Intel(R) Management Engine Components\IPT;C:\Program Files\Intel\Intel(R) Management Engine Components\IPT;C:\Program Files\Git\cmd;C:\Program Files (x86)\Bitvise SSH Client;C:\Program Files (x86)\IBM\Client Access\Emulator;C:\Program Files (x86)\IBM\Client Access\Shared;C:\Program Files (x86)\IBM\Client Access\;C:\Program Files\dotnet\;C:\Program Files\Microsoft SQL Server\130\Tools\Binn\;C:\Program Files\Intel\WiFi\bin\;C:\Program Files\Common Files\Intel\WirelessCommon\;C:\minishift-1.17.0-windows-amd64;C:\Program Files\nodejs\;C:\workflow\nssm\;C:\apache-maven-3.5.4\bin\;C:\Tool\ant\bin\;;C:\Program Files\Docker Toolbox;C:\Users\Administrator\AppData\Roaming\npm;C:\Program Files\Docker Toolbox;C:\Users\Administrator\AppData\Local\Programs\Microsoft VS Code\bin;."/>
    <property name="java.vm.info" value="mixed mode"/>
    <property name="java.vendor" value="Oracle Corporation"/>
    <property name="java.vm.version" value="25.181-b13"/>
    <property name="java.ext.dirs" value="C:\Program Files\Java\jdk1.8.0_181\jre\lib\ext;C:\Windows\Sun\Java\lib\ext"/>
    <property name="sun.io.unicode.encoding" value="UnicodeLittle"/>
    <property name="java.class.version" value="52.0"/>
  </properties>
  <testcase name="start_http_server{Vertx, VertxTestContext}" classname="io.vertx.shiva.TestMainVerticle" time="1.757"/>
</testsuite>